cabal: Entering directory '/tmp/cabal-tmp-17019/colour-2.3.5'
Configuring colour-2.3.5...
Preprocessing library for colour-2.3.5..
Building library for colour-2.3.5..
[ 1 of 14] Compiling Data.Colour.CIE.Chromaticity ( Data/Colour/CIE/Chromaticity.hs, dist/dist-sandbox-6ba06df6/build/Data/Colour/CIE/Chromaticity.o )
[ 2 of 14] Compiling Data.Colour.CIE.Illuminant ( Data/Colour/CIE/Illuminant.hs, dist/dist-sandbox-6ba06df6/build/Data/Colour/CIE/Illuminant.o )
[ 3 of 14] Compiling Data.Colour.Chan ( Data/Colour/Chan.hs, dist/dist-sandbox-6ba06df6/build/Data/Colour/Chan.o )
[ 4 of 14] Compiling Data.Colour.Internal ( Data/Colour/Internal.hs, dist/dist-sandbox-6ba06df6/build/Data/Colour/Internal.o )
[ 5 of 14] Compiling Data.Colour.Matrix ( Data/Colour/Matrix.hs, dist/dist-sandbox-6ba06df6/build/Data/Colour/Matrix.o )
[ 6 of 14] Compiling Data.Colour.RGB  ( Data/Colour/RGB.hs, dist/dist-sandbox-6ba06df6/build/Data/Colour/RGB.o )
[ 7 of 14] Compiling Data.Colour.RGBSpace.HSL ( Data/Colour/RGBSpace/HSL.hs, dist/dist-sandbox-6ba06df6/build/Data/Colour/RGBSpace/HSL.o )
[ 8 of 14] Compiling Data.Colour.RGBSpace.HSV ( Data/Colour/RGBSpace/HSV.hs, dist/dist-sandbox-6ba06df6/build/Data/Colour/RGBSpace/HSV.o )
[ 9 of 14] Compiling Data.Colour.SRGB.Linear ( Data/Colour/SRGB/Linear.hs, dist/dist-sandbox-6ba06df6/build/Data/Colour/SRGB/Linear.o )
[10 of 14] Compiling Data.Colour.RGBSpace ( Data/Colour/RGBSpace.hs, dist/dist-sandbox-6ba06df6/build/Data/Colour/RGBSpace.o )
[11 of 14] Compiling Data.Colour.SRGB ( Data/Colour/SRGB.hs, dist/dist-sandbox-6ba06df6/build/Data/Colour/SRGB.o )
[12 of 14] Compiling Data.Colour      ( Data/Colour.hs, dist/dist-sandbox-6ba06df6/build/Data/Colour.o )
[13 of 14] Compiling Data.Colour.Names ( Data/Colour/Names.hs, dist/dist-sandbox-6ba06df6/build/Data/Colour/Names.o )
[14 of 14] Compiling Data.Colour.CIE  ( Data/Colour/CIE.hs, dist/dist-sandbox-6ba06df6/build/Data/Colour/CIE.o )
Installing library in /home/zoey/BilbyInCakeML/.cabal-sandbox/lib/x86_64-linux-ghc-8.6.5/colour-2.3.5-y0xjV3ONUd40VuBtReEvC
cabal: Leaving directory '/tmp/cabal-tmp-17019/colour-2.3.5'
