cabal: Entering directory '/tmp/cabal-tmp-17021/syb-0.7.1'
Configuring syb-0.7.1...
Preprocessing library for syb-0.7.1..
Building library for syb-0.7.1..
[ 1 of 16] Compiling Data.Generics.Aliases ( src/Data/Generics/Aliases.hs, dist/dist-sandbox-6ba06df6/build/Data/Generics/Aliases.o )
[ 2 of 16] Compiling Data.Generics.Basics ( src/Data/Generics/Basics.hs, dist/dist-sandbox-6ba06df6/build/Data/Generics/Basics.o )
[ 3 of 16] Compiling Data.Generics.Builders ( src/Data/Generics/Builders.hs, dist/dist-sandbox-6ba06df6/build/Data/Generics/Builders.o )
[ 4 of 16] Compiling Data.Generics.Instances ( src/Data/Generics/Instances.hs, dist/dist-sandbox-6ba06df6/build/Data/Generics/Instances.o )
[ 5 of 16] Compiling Data.Generics.Schemes ( src/Data/Generics/Schemes.hs, dist/dist-sandbox-6ba06df6/build/Data/Generics/Schemes.o )
[ 6 of 16] Compiling Data.Generics.Text ( src/Data/Generics/Text.hs, dist/dist-sandbox-6ba06df6/build/Data/Generics/Text.o )
[ 7 of 16] Compiling Data.Generics.Twins ( src/Data/Generics/Twins.hs, dist/dist-sandbox-6ba06df6/build/Data/Generics/Twins.o )
[ 8 of 16] Compiling Data.Generics    ( src/Data/Generics.hs, dist/dist-sandbox-6ba06df6/build/Data/Generics.o )
[ 9 of 16] Compiling Generics.SYB     ( src/Generics/SYB.hs, dist/dist-sandbox-6ba06df6/build/Generics/SYB.o )
[10 of 16] Compiling Generics.SYB.Aliases ( src/Generics/SYB/Aliases.hs, dist/dist-sandbox-6ba06df6/build/Generics/SYB/Aliases.o )
[11 of 16] Compiling Generics.SYB.Basics ( src/Generics/SYB/Basics.hs, dist/dist-sandbox-6ba06df6/build/Generics/SYB/Basics.o )
[12 of 16] Compiling Generics.SYB.Builders ( src/Generics/SYB/Builders.hs, dist/dist-sandbox-6ba06df6/build/Generics/SYB/Builders.o )
[13 of 16] Compiling Generics.SYB.Instances ( src/Generics/SYB/Instances.hs, dist/dist-sandbox-6ba06df6/build/Generics/SYB/Instances.o )
[14 of 16] Compiling Generics.SYB.Schemes ( src/Generics/SYB/Schemes.hs, dist/dist-sandbox-6ba06df6/build/Generics/SYB/Schemes.o )
[15 of 16] Compiling Generics.SYB.Text ( src/Generics/SYB/Text.hs, dist/dist-sandbox-6ba06df6/build/Generics/SYB/Text.o )
[16 of 16] Compiling Generics.SYB.Twins ( src/Generics/SYB/Twins.hs, dist/dist-sandbox-6ba06df6/build/Generics/SYB/Twins.o )
Installing library in /home/zoey/BilbyInCakeML/.cabal-sandbox/lib/x86_64-linux-ghc-8.6.5/syb-0.7.1-1gO4OjQOULM8usUjWwwEyW
cabal: Leaving directory '/tmp/cabal-tmp-17021/syb-0.7.1'
